H:\Public\AutoCAD\PV Standards\CTB SOLAR\PRACTICE SET\WORKING IN\PV Electrical\PV01-00-COVER SHEET.dwg,COVER SHEET,9/6/2023 4:18:27 PM,HOry,DWG To PDF.pc3,ARCH full bleed D (36.00 x 24.00 Inches),1:1,
H:\Public\AutoCAD\PV Standards\CTB SOLAR\PRACTICE SET\WORKING IN\PV Electrical\PV01-04 OVERALL SITE ARRAY AND EQUIPMENT PLAN.dwg,PV01-04 OVERALL SITE ARRAY AND EQUIPMENT PLAN,9/6/2023 4:18:46 PM,HOry,DWG To PDF.pc3,ARCH full bleed D (36.00 x 24.00 Inches),1:1,
H:\Public\AutoCAD\PV Standards\CTB SOLAR\PRACTICE SET\WORKING IN\PV Electrical\PV02-00 OVERALL MVAC ROUTING PLAN.dwg,OVERALL MVAC ROUTING PLAN,9/6/2023 4:19:00 PM,HOry,DWG To PDF.pc3,ARCH full bleed D (36.00 x 24.00 Inches),1:1,
H:\Public\AutoCAD\PV Standards\CTB SOLAR\PRACTICE SET\WORKING IN\PV Electrical\PV02-01 MVAC ROUTING PLAN - REGION 01.dwg,MVAC ROUTING PLAN - REGION 01,9/6/2023 4:19:16 PM,HOry,DWG To PDF.pc3,ARCH full bleed D (36.00 x 24.00 Inches),1:1,
H:\Public\AutoCAD\PV Standards\CTB SOLAR\PRACTICE SET\WORKING IN\PV Electrical\PV02-02 MVAC ROUTING PLAN - REGION 02.dwg,PV02-02 MVAC ROUTING PLAN - REGION 02,9/6/2023 4:19:32 PM,HOry,DWG To PDF.pc3,ARCH full bleed D (36.00 x 24.00 Inches),1:1,
H:\Public\AutoCAD\PV Standards\CTB SOLAR\PRACTICE SET\WORKING IN\PV Electrical\PV02-03 MVAC ROUTING PLAN - REGION 03.dwg,MVAC ROUTING PLAN - REGION 03,9/6/2023 4:19:51 PM,HOry,DWG To PDF.pc3,ARCH full bleed D (36.00 x 24.00 Inches),1:1,
H:\Public\AutoCAD\PV Standards\CTB SOLAR\PRACTICE SET\WORKING IN\PV Electrical\PV02-04 MVAC ROUTING PLAN - REGION 04.dwg,PV02-04 MVAC ROUTING PLAN - REGION 04,9/6/2023 4:20:11 PM,HOry,DWG To PDF.pc3,ARCH full bleed D (36.00 x 24.00 Inches),1:1,
H:\Public\AutoCAD\PV Standards\CTB SOLAR\PRACTICE SET\WORKING IN\PV Electrical\PV03-00 OVERALL FIBER OPTIC ROUTING PLAN.dwg,PV03-00 OVERALL FO  PLAN,9/6/2023 4:20:23 PM,HOry,DWG To PDF.pc3,ARCH full bleed D (36.00 x 24.00 Inches),1:1,
H:\Public\AutoCAD\PV Standards\CTB SOLAR\PRACTICE SET\WORKING IN\PV Electrical\PV03-01 FIBER OPTIC ROUTING PLAN - REGION 01.dwg,FIBER OPTIC ROUTING PLAN - REGION 01,9/6/2023 4:20:35 PM,HOry,DWG To PDF.pc3,ARCH full bleed D (36.00 x 24.00 Inches),1:1,
H:\Public\AutoCAD\PV Standards\CTB SOLAR\PRACTICE SET\WORKING IN\PV Electrical\PV03-02 FIBER OPTIC ROUTING PLAN - REGION 02.dwg,PV03-02 FIBER OPTIC ROUTING PLAN - REGION 02,9/6/2023 4:20:47 PM,HOry,DWG To PDF.pc3,ARCH full bleed D (36.00 x 24.00 Inches),1:1,
H:\Public\AutoCAD\PV Standards\CTB SOLAR\PRACTICE SET\WORKING IN\PV Electrical\PV03-03 FIBER OPTIC ROUTING PLAN - REGION 03.dwg,FIBER OPTIC ROUTING PLAN - REGION 03,9/6/2023 4:21:00 PM,HOry,DWG To PDF.pc3,ARCH full bleed D (36.00 x 24.00 Inches),1:1,
H:\Public\AutoCAD\PV Standards\CTB SOLAR\PRACTICE SET\WORKING IN\PV Electrical\PV03-04 FIBER OPTIC ROUTING PLAN - REGION 04.dwg,FIBER OPTIC ROUTING PLAN - REGION 04,9/6/2023 4:21:13 PM,HOry,DWG To PDF.pc3,ARCH full bleed D (36.00 x 24.00 Inches),1:1,
H:\Public\AutoCAD\PV Standards\CTB SOLAR\PRACTICE SET\WORKING IN\PV Electrical\PV04-00 OVERALL GROUNDING PLAN.dwg,OVERALL GROUNDING PLAN,9/6/2023 4:21:25 PM,HOry,DWG To PDF.pc3,ARCH full bleed D (36.00 x 24.00 Inches),1:1,
H:\Public\AutoCAD\PV Standards\CTB SOLAR\PRACTICE SET\WORKING IN\PV Electrical\PV04-01 GROUNDING PLAN - REGION 01.dwg,PV04-01 GROUNDING PLAN - REGION 01,9/6/2023 4:21:35 PM,HOry,DWG To PDF.pc3,ARCH full bleed D (36.00 x 24.00 Inches),1:1,
H:\Public\AutoCAD\PV Standards\CTB SOLAR\PRACTICE SET\WORKING IN\PV Electrical\PV04-02 GROUNDING PLAN - REGION 02.dwg,GROUNDING PLAN - REGION 02,9/6/2023 4:21:46 PM,HOry,DWG To PDF.pc3,ARCH full bleed D (36.00 x 24.00 Inches),1:1,
H:\Public\AutoCAD\PV Standards\CTB SOLAR\PRACTICE SET\WORKING IN\PV Electrical\PV04-03 GROUNDING PLAN - REGION 03.dwg,PV04-03 GROUNDING PLAN - REGION 03,9/6/2023 4:21:56 PM,HOry,DWG To PDF.pc3,ARCH full bleed D (36.00 x 24.00 Inches),1:1,
H:\Public\AutoCAD\PV Standards\CTB SOLAR\PRACTICE SET\WORKING IN\PV Electrical\PV04-04 GROUNDING PLAN - REGION 04.dwg,PV04-04 GROUNDING PLAN - REGION 04,9/6/2023 4:22:07 PM,HOry,DWG To PDF.pc3,ARCH full bleed D (36.00 x 24.00 Inches),1:1,
H:\Public\AutoCAD\PV Standards\CTB SOLAR\PRACTICE SET\WORKING IN\PV Electrical\PV06-01 ARRAY TYPE-A LAYOUT.dwg,PV08-01 ARRAY TYPE-A LAYOUT,9/6/2023 4:22:16 PM,HOry,DWG To PDF.pc3,ARCH full bleed D (36.00 x 24.00 Inches),1:1,
H:\Public\AutoCAD\PV Standards\CTB SOLAR\PRACTICE SET\WORKING IN\PV Electrical\PV06-02 ARRAY TYPE-B LAYOUT.dwg,PV08-02 ARRAY TYPE-B LAYOUT,9/6/2023 4:22:28 PM,HOry,DWG To PDF.pc3,ARCH full bleed D (36.00 x 24.00 Inches),1:1,
H:\Public\AutoCAD\PV Standards\CTB SOLAR\PRACTICE SET\WORKING IN\PV Electrical\PV06-03 ARRAY TYPE-C LAYOUT.dwg,PV08-03 ARRAY TYPE-C LAYOUT,9/6/2023 4:22:38 PM,HOry,DWG To PDF.pc3,ARCH full bleed D (36.00 x 24.00 Inches),1:1,
H:\Public\AutoCAD\PV Standards\CTB SOLAR\PRACTICE SET\WORKING IN\PV Electrical\PV06-04 ARRAY TYPE-D LAYOUT.dwg,PV08-04 ARRAY TYPE-D LAYOUT,9/6/2023 4:22:48 PM,HOry,DWG To PDF.pc3,ARCH full bleed D (36.00 x 24.00 Inches),1:1,
H:\Public\AutoCAD\PV Standards\CTB SOLAR\PRACTICE SET\WORKING IN\PV Electrical\PV06-05 ARRAY TYPE-E LAYOUT.dwg,PV08-05 ARRAY TYPE-E LAYOUT,9/6/2023 4:22:59 PM,HOry,DWG To PDF.pc3,ARCH full bleed D (36.00 x 24.00 Inches),1:1,
H:\Public\AutoCAD\PV Standards\CTB SOLAR\PRACTICE SET\WORKING IN\PV Electrical\PV06-06 ARRAY TYPE-F LAYOUT.dwg,PV08-06 ARRAY TYPE-F LAYOUT,9/6/2023 4:23:09 PM,HOry,DWG To PDF.pc3,ARCH full bleed D (36.00 x 24.00 Inches),1:1,
H:\Public\AutoCAD\PV Standards\CTB SOLAR\PRACTICE SET\WORKING IN\PV Electrical\PV06-07 ARRAY TYPE-G LAYOUT.dwg,PV08-07 ARRAY TYPE-G LAYOUT,9/6/2023 4:23:21 PM,HOry,DWG To PDF.pc3,ARCH full bleed D (36.00 x 24.00 Inches),1:1,
H:\Public\AutoCAD\PV Standards\CTB SOLAR\PRACTICE SET\WORKING IN\PV Electrical\PV06-08 ARRAY TYPE-H LAYOUT.dwg,PV08-08 ARRAY TYPE-H LAYOUT,9/6/2023 4:23:32 PM,HOry,DWG To PDF.pc3,ARCH full bleed D (36.00 x 24.00 Inches),1:1,
H:\Public\AutoCAD\PV Standards\CTB SOLAR\PRACTICE SET\WORKING IN\PV Electrical\PV06-09 ARRAY TYPE-I LAYOUT.dwg,PV08-09 ARRAY TYPE-I LAYOUT,9/6/2023 4:23:42 PM,HOry,DWG To PDF.pc3,ARCH full bleed D (36.00 x 24.00 Inches),1:1,
H:\Public\AutoCAD\PV Standards\CTB SOLAR\PRACTICE SET\WORKING IN\PV Electrical\PV06-10 ARRAY TYPE-J LAYOUT.dwg,PV08-10 ARRAY TYPE-J LAYOUT,9/6/2023 4:23:52 PM,HOry,DWG To PDF.pc3,ARCH full bleed D (36.00 x 24.00 Inches),1:1,
H:\Public\AutoCAD\PV Standards\CTB SOLAR\PRACTICE SET\WORKING IN\PV Electrical\PV06-11 ARRAY TYPE-K LAYOUT.dwg,PV08-11 ARRAY TYPE-K LAYOUT,9/6/2023 4:24:02 PM,HOry,DWG To PDF.pc3,ARCH full bleed D (36.00 x 24.00 Inches),1:1,
H:\Public\AutoCAD\PV Standards\CTB SOLAR\PRACTICE SET\WORKING IN\PV Electrical\PV06-12 ARRAY TYPE-L LAYOUT.dwg,PV08-12 ARRAY TYPE-L LAYOUT,9/6/2023 4:24:13 PM,HOry,DWG To PDF.pc3,ARCH full bleed D (36.00 x 24.00 Inches),1:1,
H:\Public\AutoCAD\PV Standards\CTB SOLAR\PRACTICE SET\WORKING IN\PV Electrical\EXHIBITS\SKETCH 8.5X11.dwg,SKETCH 8.5X11,9/6/2023 4:24:21 PM,HOry,DWG To PDF.pc3,ARCH full bleed D (36.00 x 24.00 Inches),1:1,
H:\Public\AutoCAD\PV Standards\CTB SOLAR\PRACTICE SET\WORKING IN\PV Electrical\EXHIBITS\SKETCH 11X17.dwg,SKETCH 11X17,9/6/2023 4:24:24 PM,HOry,DWG To PDF.pc3,ARCH full bleed D (36.00 x 24.00 Inches),1:1,
H:\ops_std_dev\PS_Solar\4_DWGs\2_NEI\Solar\nei standard pv solar drawings\working in\pv electrical\22 x 34\PV04-04 GROUNDING PLAN - REGION 04.dwg,PV04-04 GROUNDING PLAN - REGION 04,3/5/2024 5:25:37 PM,jwarnken,Bluebeam PDF,Tabloid,1:1.94199,
