H:\Project\3800\3801.001 Estonian BESS - BESS,Sub - SCS\Drawings\_NEI\BESS\17424.60.086_01 COVER SHEET.dwg,17424.60.086_01 COVER SHEET,2024-05-16 15:05:45,CWatson,AutoCAD PDF (General Documentation).pc3,ARCH full bleed D (36.00 x 24.00 Inches),1:1,
H:\Project\3800\3801.001 Estonian BESS - BESS,Sub - SCS\Drawings\_NEI\BESS\17424.60.086_02 DRAWING INDEX.dwg,17424.60.086_02 DRAWING INDEX,2024-05-16 15:05:51,CWatson,AutoCAD PDF (General Documentation).pc3,ARCH full bleed D (36.00 x 24.00 Inches),1:1,
H:\Project\3800\3801.001 Estonian BESS - BESS,Sub - SCS\Drawings\_NEI\BESS\17424.60.087_01 BESS GENERAL ARRANGEMENT.dwg,17424.60.087_01 BESS GENERAL ARRANGEMENT,2024-05-16 15:05:59,CWatson,AutoCAD PDF (General Documentation).pc3,ARCH full bleed D (36.00 x 24.00 Inches),1:1,
H:\Project\3800\3801.001 Estonian BESS - BESS,Sub - SCS\Drawings\_NEI\BESS\17424.60.089_01 FEEDER ROUTING.dwg,17424.60.089_01 FEEDER ROUTING,2024-05-16 15:06:16,CWatson,AutoCAD PDF (General Documentation).pc3,ARCH full bleed D (36.00 x 24.00 Inches),1:1,
H:\Project\3800\3801.001 Estonian BESS - BESS,Sub - SCS\Drawings\_NEI\BESS\17424.60.090_01 BESS ONE LINE DIAGRAM SH.1.dwg,17424.60.090_01 BESS ONE LINE DIAGRAM SH.1,2024-05-16 15:06:23,CWatson,AutoCAD PDF (General Documentation).pc3,ARCH full bleed D (36.00 x 24.00 Inches),1:1,
H:\Project\3800\3801.001 Estonian BESS - BESS,Sub - SCS\Drawings\_NEI\BESS\17424.60.091_01 AUXILIARY POWER ONE LINE DIAGRAM.dwg,17424.60.091_01 AUXILIARY POWER ONE LINE DIAGRAM,2024-05-16 15:06:28,CWatson,AutoCAD PDF (General Documentation).pc3,ARCH full bleed D (36.00 x 24.00 Inches),1:1,
H:\Project\3800\3801.001 Estonian BESS - BESS,Sub - SCS\Drawings\_NEI\BESS\17424.60.093_01 BESS CONDUIT PLAN.dwg,17424.60.093_01 BESS CONDUIT PLAN,2024-05-16 15:06:37,CWatson,AutoCAD PDF (General Documentation).pc3,ARCH full bleed D (36.00 x 24.00 Inches),1:1,
H:\Project\3800\3801.001 Estonian BESS - BESS,Sub - SCS\Drawings\_NEI\BESS\17424.60.093_02 SWITCHBOARD 1 CONDUIT DETAIL.dwg,17424.60.093_02 SWITCHBOARD 1 CONDUIT DETAIL,2024-05-16 15:06:51,CWatson,AutoCAD PDF (General Documentation).pc3,ARCH full bleed D (36.00 x 24.00 Inches),1:1,
H:\Project\3800\3801.001 Estonian BESS - BESS,Sub - SCS\Drawings\_NEI\BESS\17424.60.093_03 SWITCHBOARD 2 CONDUIT DETAIL.dwg,17424.60.093_03 SWITCHBOARD 2 CONDUIT DETAIL,2024-05-16 15:07:03,CWatson,AutoCAD PDF (General Documentation).pc3,ARCH full bleed D (36.00 x 24.00 Inches),1:1,
H:\Project\3800\3801.001 Estonian BESS - BESS,Sub - SCS\Drawings\_NEI\BESS\17424.60.093_02 TYPICAL CUBICLE CONDUIT PLAN.dwg,17424.60.093_04 TYPICAL CUBICLE CONDUIT PLAN,2024-05-16 15:07:11,CWatson,AutoCAD PDF (General Documentation).pc3,ARCH full bleed D (36.00 x 24.00 Inches),1:1,
H:\Project\3800\3801.001 Estonian BESS - BESS,Sub - SCS\Drawings\_NEI\BESS\17424.60.093_05 TRANSFORMER CONNECTION.dwg,17424.60.093_05 TRANSFORMER CONNECTION,2024-05-16 15:07:16,CWatson,AutoCAD PDF (General Documentation).pc3,ARCH full bleed D (36.00 x 24.00 Inches),1:1,
H:\Project\3800\3801.001 Estonian BESS - BESS,Sub - SCS\Drawings\_NEI\BESS\17424.60.094_xx TRENCH DETAILS (TREFOIL CONFIGURATION).dwg,17424.60.094_01 TRENCH DETAILS (TREFOIL CONFIGURATION),2024-05-16 15:07:22,CWatson,AutoCAD PDF (General Documentation).pc3,ARCH full bleed D (36.00 x 24.00 Inches),1:1,
H:\Project\3800\3801.001 Estonian BESS - BESS,Sub - SCS\Drawings\_NEI\BESS\17424.60.094_xx TRENCH DETAILS (TREFOIL CONFIGURATION).dwg,17424.60.094_02 TRENCH DETAILS (PARALLEL FEEDERS),2024-05-16 15:07:23,CWatson,AutoCAD PDF (General Documentation).pc3,ARCH full bleed D (36.00 x 24.00 Inches),1:1,
H:\Project\3800\3801.001 Estonian BESS - BESS,Sub - SCS\Drawings\_NEI\BESS\17424.60.101_01 AUX POWER DISTRIBUTION POLE.dwg,17424.60.101_01 AUX POWER DISTRIBUTION POLE,2024-05-16 15:07:28,CWatson,AutoCAD PDF (General Documentation).pc3,ARCH full bleed D (36.00 x 24.00 Inches),1:1,
H:\Project\3800\3801.001 Estonian BESS - BESS,Sub - SCS\Drawings\_NEI\BESS\17424.60.101_02 BACKUP GENERATOR WIRING DIAGRAM.dwg,17424.60.101_02 BACKUP GENERATOR WIRING DIAGRAM,2024-05-16 15:07:33,CWatson,AutoCAD PDF (General Documentation).pc3,ARCH full bleed D (36.00 x 24.00 Inches),1:1,
H:\Project\3800\3801.001 Estonian BESS - BESS,Sub - SCS\Drawings\_NEI\BESS\17424.60.105_01 BESS YARD CONDUIT SCHEDULE.dwg,17424.60.105_01 BESS YARD CONDUIT SCHEDULE SH.1 OF 2,2024-05-16 15:07:41,CWatson,AutoCAD PDF (General Documentation).pc3,ARCH full bleed D (36.00 x 24.00 Inches),1:1,
H:\Project\3800\3801.001 Estonian BESS - BESS,Sub - SCS\Drawings\_NEI\BESS\17424.60.105_01 BESS YARD CONDUIT SCHEDULE.dwg,17424.60.105_02 BESS YARD CONDUIT SCHEDULE SH.2 OF 2,2024-05-16 15:07:42,CWatson,AutoCAD PDF (General Documentation).pc3,ARCH full bleed D (36.00 x 24.00 Inches),1:1,
H:\Project\3800\3801.001 Estonian BESS - BESS,Sub - SCS\Drawings\_NEI\BESS\17424.60.105_03 BESS YARD TYPICAL FLUENCE CORE CONDUIT SCHEDULE.dwg,17424.60.105_03 BESS YARD TYPICAL FLUENCE CORE CONDUIT SCHEDULE,2024-05-16 15:07:48,CWatson,AutoCAD PDF (General Documentation).pc3,ARCH full bleed D (36.00 x 24.00 Inches),1:1,
H:\Project\3800\3801.001 Estonian BESS - BESS,Sub - SCS\Drawings\_NEI\BESS\17424.60.105_04 BESS YARD CABLE SCHEDULE.dwg,17424.60.105_04 BESS YARD CABLE SCHEDULE SH.1 OF 3,2024-05-16 15:07:53,CWatson,AutoCAD PDF (General Documentation).pc3,ARCH full bleed D (36.00 x 24.00 Inches),1:1,
H:\Project\3800\3801.001 Estonian BESS - BESS,Sub - SCS\Drawings\_NEI\BESS\17424.60.105_04 BESS YARD CABLE SCHEDULE.dwg,17424.60.105_05 BESS YARD CABLE SCHEDULE SH.2 OF 4,2024-05-16 15:07:54,CWatson,AutoCAD PDF (General Documentation).pc3,ARCH full bleed D (36.00 x 24.00 Inches),1:1,
H:\Project\3800\3801.001 Estonian BESS - BESS,Sub - SCS\Drawings\_NEI\BESS\17424.60.105_04 BESS YARD CABLE SCHEDULE.dwg,17424.60.105_06 BESS YARD CABLE SCHEDULE SH.3 OF 4,2024-05-16 15:07:55,CWatson,AutoCAD PDF (General Documentation).pc3,ARCH full bleed D (36.00 x 24.00 Inches),1:1,
H:\Project\3800\3801.001 Estonian BESS - BESS,Sub - SCS\Drawings\_NEI\BESS\17424.60.105_04 BESS YARD CABLE SCHEDULE.dwg,17424.60.105_07 BESS YARD CABLE SCHEDULE SH.4 of 4,2024-05-16 15:07:55,CWatson,AutoCAD PDF (General Documentation).pc3,ARCH full bleed D (36.00 x 24.00 Inches),1:1,
H:\Project\3800\3801.001 Estonian BESS - BESS,Sub - SCS\Drawings\_NEI\BESS\17424.60.105_XX BESS YARD FLUENCE CORE CABLE SCHEDULE.dwg,17424.60.105_08 BESS YARD FLUENCE CORE CABLE SCHEDULE SH.1 OF 9,2024-05-16 15:08:03,CWatson,AutoCAD PDF (General Documentation).pc3,ARCH full bleed D (36.00 x 24.00 Inches),1:1,
H:\Project\3800\3801.001 Estonian BESS - BESS,Sub - SCS\Drawings\_NEI\BESS\17424.60.105_XX BESS YARD FLUENCE CORE CABLE SCHEDULE.dwg,17424.60.105_09 BESS YARD FLUENCE CORE CABLE SCHEDULE SH.2 OF 9,2024-05-16 15:08:04,CWatson,AutoCAD PDF (General Documentation).pc3,ARCH full bleed D (36.00 x 24.00 Inches),1:1,
H:\Project\3800\3801.001 Estonian BESS - BESS,Sub - SCS\Drawings\_NEI\BESS\17424.60.105_XX BESS YARD FLUENCE CORE CABLE SCHEDULE.dwg,17424.60.105_09 BESS YARD FLUENCE CORE CABLE SCHEDULE SH.3 OF 9,2024-05-16 15:08:05,CWatson,AutoCAD PDF (General Documentation).pc3,ARCH full bleed D (36.00 x 24.00 Inches),1:1,
H:\Project\3800\3801.001 Estonian BESS - BESS,Sub - SCS\Drawings\_NEI\BESS\17424.60.105_XX BESS YARD FLUENCE CORE CABLE SCHEDULE.dwg,17424.60.105_10 BESS YARD FLUENCE CORE CABLE SCHEDULE SH.4 OF 9,2024-05-16 15:08:06,CWatson,AutoCAD PDF (General Documentation).pc3,ARCH full bleed D (36.00 x 24.00 Inches),1:1,
H:\Project\3800\3801.001 Estonian BESS - BESS,Sub - SCS\Drawings\_NEI\BESS\17424.60.105_XX BESS YARD FLUENCE CORE CABLE SCHEDULE.dwg,17424.60.105_11 BESS YARD FLUENCE CORE CABLE SCHEDULE SH.5 OF 9,2024-05-16 15:08:07,CWatson,AutoCAD PDF (General Documentation).pc3,ARCH full bleed D (36.00 x 24.00 Inches),1:1,
H:\Project\3800\3801.001 Estonian BESS - BESS,Sub - SCS\Drawings\_NEI\BESS\17424.60.105_XX BESS YARD FLUENCE CORE CABLE SCHEDULE.dwg,17424.60.105_12 BESS YARD FLUENCE CORE CABLE SCHEDULE SH.6 OF 9,2024-05-16 15:08:08,CWatson,AutoCAD PDF (General Documentation).pc3,ARCH full bleed D (36.00 x 24.00 Inches),1:1,
H:\Project\3800\3801.001 Estonian BESS - BESS,Sub - SCS\Drawings\_NEI\BESS\17424.60.105_XX BESS YARD FLUENCE CORE CABLE SCHEDULE.dwg,17424.60.105_13 BESS YARD FLUENCE CORE CABLE SCHEDULE SH.7 OF 9,2024-05-16 15:08:09,CWatson,AutoCAD PDF (General Documentation).pc3,ARCH full bleed D (36.00 x 24.00 Inches),1:1,
H:\Project\3800\3801.001 Estonian BESS - BESS,Sub - SCS\Drawings\_NEI\BESS\17424.60.105_XX BESS YARD FLUENCE CORE CABLE SCHEDULE.dwg,17424.60.105_14 BESS YARD FLUENCE CORE CABLE SCHEDULE SH.8 OF 9,2024-05-16 15:08:10,CWatson,AutoCAD PDF (General Documentation).pc3,ARCH full bleed D (36.00 x 24.00 Inches),1:1,
H:\Project\3800\3801.001 Estonian BESS - BESS,Sub - SCS\Drawings\_NEI\BESS\17424.60.105_XX BESS YARD FLUENCE CORE CABLE SCHEDULE.dwg,17424.60.105_15 BESS YARD FLUENCE CORE CABLE SCHEDULE SH.9 OF 9,2024-05-16 15:08:11,CWatson,AutoCAD PDF (General Documentation).pc3,ARCH full bleed D (36.00 x 24.00 Inches),1:1,
H:\Project\3800\3801.001 Estonian BESS - BESS,Sub - SCS\Drawings\_NEI\BESS\17424.xx.106_01 GROUNDING PLAN.dwg,17424.60.106_01 GROUNDING PLAN,2024-05-16 15:08:22,CWatson,AutoCAD PDF (General Documentation).pc3,ARCH full bleed D (36.00 x 24.00 Inches),1:1,
H:\Project\3800\3801.001 Estonian BESS - BESS,Sub - SCS\Drawings\_NEI\BESS\17424.xx.106_02 BESS GROUNDING DETAILS.dwg,17424.60.106_02 BESS GROUNDING DETAILS,2024-05-16 15:08:29,CWatson,AutoCAD PDF (General Documentation).pc3,ARCH full bleed D (36.00 x 24.00 Inches),1:1,
H:\Project\3800\3801.001 Estonian BESS - BESS,Sub - SCS\Drawings\_NEI\BESS\17424.xx.106_03 FENCE GROUNDING DETAILS.dwg,17424.60.106_03 FENCE GROUNDING DETAILS,2024-05-16 15:08:34,CWatson,AutoCAD PDF (General Documentation).pc3,ARCH full bleed D (36.00 x 24.00 Inches),1:1,
H:\Project\3800\3801.001 Estonian BESS - BESS,Sub - SCS\Drawings\_NEI\BESS\17424.60.107_01 BESS ILLUMINATION PLAN.dwg,17424.60.107_01 BESS ILLUMINATION PLAN,2024-05-16 15:08:41,CWatson,AutoCAD PDF (General Documentation).pc3,ARCH full bleed D (36.00 x 24.00 Inches),1:1,
H:\Project\3800\3801.001 Estonian BESS - BESS,Sub - SCS\Drawings\_NEI\BESS\17424.60.107_02 ILLUMINATION DETAILS.dwg,17424.60.107_02 ILLUMINATION DETAILS,2024-05-16 15:08:50,CWatson,AutoCAD PDF (General Documentation).pc3,ARCH full bleed D (36.00 x 24.00 Inches),1:1,
H:\Project\3800\3801.001 Estonian BESS - BESS,Sub - SCS\Drawings\_NEI\BESS\17424.60.107_03 ILLUMINATION WIRING DIAGRAM.dwg,17424.60.107_03 ILLUMINATION WIRING DIAGRAM,2024-05-16 15:08:56,CWatson,AutoCAD PDF (General Documentation).pc3,ARCH full bleed D (36.00 x 24.00 Inches),1:1,
H:\Project\3800\3801.001 Estonian BESS - BESS,Sub - SCS\Drawings\_NEI\BESS\17424.60.108_01 BESS COMMUNICATION DIAGRAM.dwg,17424.60.108_01 BESS COMMUNICATION DIAGRAM,2024-05-16 15:09:01,CWatson,AutoCAD PDF (General Documentation).pc3,ARCH full bleed D (36.00 x 24.00 Inches),1:1,
H:\Project\3800\3801.001 Estonian BESS - BESS,Sub - SCS\Drawings\_NEI\BESS\17424.60.108_02 TYPICAL FIBER CONNECTION DIAGRAM.dwg,17424.60.108_02 TYPICAL FIBER CONNECTION DIAGRAM,2024-05-16 15:09:08,CWatson,AutoCAD PDF (General Documentation).pc3,ARCH full bleed D (36.00 x 24.00 Inches),1:1,
H:\Project\3800\3801.001 Estonian BESS - BESS,Sub - SCS\Drawings\_NEI\BESS\17424.60.108_03 BESS FIBER PATCH PANEL WIRING.dwg,17424.60.108_03 BESS FIBER PATCH PANEL WIRING,2024-05-16 15:09:13,CWatson,AutoCAD PDF (General Documentation).pc3,ARCH full bleed D (36.00 x 24.00 Inches),1:1,
H:\Project\3800\3801.001 Estonian BESS - BESS,Sub - SCS\Drawings\_NEI\BESS\17424.60.114_01 FOUNDATION NOTES.dwg,17424.60.114_01 FOUNDATION NOTES,2024-05-16 15:09:19,CWatson,AutoCAD PDF (General Documentation).pc3,ARCH full bleed D (36.00 x 24.00 Inches),1:1,
H:\Project\3800\3801.001 Estonian BESS - BESS,Sub - SCS\Drawings\_NEI\BESS\17424.60.114_02 FOUNDATION PLAN.dwg,17424.60.114_02 FOUNDATION PLAN,2024-05-16 15:09:27,CWatson,AutoCAD PDF (General Documentation).pc3,ARCH full bleed D (36.00 x 24.00 Inches),1:1,
H:\Project\3800\3801.001 Estonian BESS - BESS,Sub - SCS\Drawings\_NEI\BESS\17424.60.114_03 FENCE PLAN.dwg,FENCE PLAN,2024-05-16 15:09:36,CWatson,AutoCAD PDF (General Documentation).pc3,ARCH full bleed D (36.00 x 24.00 Inches),1:1,
H:\Project\3800\3801.001 Estonian BESS - BESS,Sub - SCS\Drawings\_NEI\BESS\17424.60.114_04 FENCE DETAILS.dwg,FENCE DETAILS,2024-05-16 15:09:48,CWatson,AutoCAD PDF (General Documentation).pc3,ARCH full bleed D (36.00 x 24.00 Inches),1:1,
H:\Project\3800\3801.001 Estonian BESS - BESS,Sub - SCS\Drawings\_NEI\BESS\17424.60.114_05 SIGN DETAILS.dwg,SIGN DETAILS,2024-05-16 15:09:53,CWatson,AutoCAD PDF (General Documentation).pc3,ARCH full bleed D (36.00 x 24.00 Inches),1:1,
H:\Project\3800\3801.001 Estonian BESS - BESS,Sub - SCS\Drawings\_NEI\BESS\17424.60.115_01 BATTERY CONTAINER FOUNDATION SL1.dwg,17424.60.115_01 BATTERY CONTAINER FOUNDATION SL1,2024-05-16 15:10:03,CWatson,AutoCAD PDF (General Documentation).pc3,ARCH full bleed D (36.00 x 24.00 Inches),1:1,
H:\Project\3800\3801.001 Estonian BESS - BESS,Sub - SCS\Drawings\_NEI\BESS\17424.60.116_01 PCS FOUNDATION SL2.dwg,17424.60.116_01 PCS FOUNDATION SL2,2024-05-16 15:10:11,CWatson,AutoCAD PDF (General Documentation).pc3,ARCH full bleed D (36.00 x 24.00 Inches),1:1,
H:\Project\3800\3801.001 Estonian BESS - BESS,Sub - SCS\Drawings\_NEI\BESS\17424.60.118_01 AUX POWER TRANSFORMER FOUNDATION SL3 & SL6.dwg,17424.60.118_01 AUX POWER TRANSFORMER FOUNDATION SL3 & SL6,2024-05-16 15:10:17,CWatson,AutoCAD PDF (General Documentation).pc3,ARCH full bleed D (36.00 x 24.00 Inches),1:1,
H:\Project\3800\3801.001 Estonian BESS - BESS,Sub - SCS\Drawings\_NEI\BESS\17424.60.118_02 GENERATOR & TANK FOUNDATION SL4.dwg,17424.60.118_02 GENERATOR & TANK FOUNDATION SL4,2024-05-16 15:10:23,CWatson,AutoCAD PDF (General Documentation).pc3,ARCH full bleed D (36.00 x 24.00 Inches),1:1,
